<?xml version="1.0" encoding="UTF-8"?>
<testsuite name="com.bookshare.tests.FooterTests" tests="6" skipped="0" failures="0" errors="0" timestamp="2023-09-10T10:55:37" hostname="LAPTOP-LILIIA" time="0.147">
  <properties/>
  <testcase name="contactIsPresentTest" classname="com.bookshare.tests.FooterTests" time="0.048"/>
  <testcase name="facebookIsPresentTest" classname="com.bookshare.tests.FooterTests" time="0.015"/>
  <testcase name="instagramIsPresentTest" classname="com.bookshare.tests.FooterTests" time="0.019"/>
  <testcase name="linkedInIsPresentTest" classname="com.bookshare.tests.FooterTests" time="0.015"/>
  <testcase name="termAndConditionIsPresentTest" classname="com.bookshare.tests.FooterTests" time="0.017"/>
  <testcase name="twitterIsPresentTest" classname="com.bookshare.tests.FooterTests" time="0.015"/>
  <system-out><![CDATA[13:55:37.751 [Test worker] INFO  com.bookshare.tests.TestBase -- Start test contactIsPresentTest with data: []
13:55:37.800 [Test worker] INFO  com.bookshare.tests.TestBase -- PASSED: contactIsPresentTest
13:55:37.800 [Test worker] INFO  com.bookshare.tests.TestBase -- Stop test
13:55:37.800 [Test worker] INFO  com.bookshare.tests.TestBase -- ===============================
13:55:37.803 [Test worker] INFO  com.bookshare.tests.TestBase -- Start test facebookIsPresentTest with data: []
13:55:37.819 [Test worker] INFO  com.bookshare.tests.TestBase -- PASSED: facebookIsPresentTest
13:55:37.820 [Test worker] INFO  com.bookshare.tests.TestBase -- Stop test
13:55:37.820 [Test worker] INFO  com.bookshare.tests.TestBase -- ===============================
13:55:37.821 [Test worker] INFO  com.bookshare.tests.TestBase -- Start test instagramIsPresentTest with data: []
13:55:37.842 [Test worker] INFO  com.bookshare.tests.TestBase -- PASSED: instagramIsPresentTest
13:55:37.842 [Test worker] INFO  com.bookshare.tests.TestBase -- Stop test
13:55:37.842 [Test worker] INFO  com.bookshare.tests.TestBase -- ===============================
13:55:37.843 [Test worker] INFO  com.bookshare.tests.TestBase -- Start test linkedInIsPresentTest with data: []
13:55:37.859 [Test worker] INFO  com.bookshare.tests.TestBase -- PASSED: linkedInIsPresentTest
13:55:37.860 [Test worker] INFO  com.bookshare.tests.TestBase -- Stop test
13:55:37.860 [Test worker] INFO  com.bookshare.tests.TestBase -- ===============================
13:55:37.861 [Test worker] INFO  com.bookshare.tests.TestBase -- Start test termAndConditionIsPresentTest with data: []
13:55:37.880 [Test worker] INFO  com.bookshare.tests.TestBase -- PASSED: termAndConditionIsPresentTest
13:55:37.880 [Test worker] INFO  com.bookshare.tests.TestBase -- Stop test
13:55:37.881 [Test worker] INFO  com.bookshare.tests.TestBase -- ===============================
13:55:37.882 [Test worker] INFO  com.bookshare.tests.TestBase -- Start test twitterIsPresentTest with data: []
13:55:37.899 [Test worker] INFO  com.bookshare.tests.TestBase -- PASSED: twitterIsPresentTest
13:55:37.900 [Test worker] INFO  com.bookshare.tests.TestBase -- Stop test
13:55:37.900 [Test worker] INFO  com.bookshare.tests.TestBase -- ===============================
]]></system-out>
  <system-err><![CDATA[]]></system-err>
</testsuite>
