<?xml version="1.0" encoding="UTF-8"?>
<testsuite name="com.bookshare.tests.LogOutTests" tests="1" skipped="0" failures="0" errors="0" timestamp="2023-09-10T10:55:36" hostname="LAPTOP-LILIIA" time="0.224">
  <properties/>
  <testcase name="logOutUser" classname="com.bookshare.tests.LogOutTests" time="0.224"/>
  <system-out><![CDATA[13:55:36.647 [Test worker] INFO  com.bookshare.tests.TestBase -- Start test logOutUser with data: []
13:55:36.893 [Test worker] INFO  com.bookshare.tests.TestBase -- PASSED: logOutUser
13:55:36.894 [Test worker] INFO  com.bookshare.tests.TestBase -- Stop test
13:55:36.894 [Test worker] INFO  com.bookshare.tests.TestBase -- ===============================
]]></system-out>
  <system-err><![CDATA[]]></system-err>
</testsuite>
