<?xml version="1.0" encoding="UTF-8"?>
<testsuite name="com.bookshare.tests.UITests.LoginTests" tests="2" skipped="0" failures="0" errors="0" timestamp="2023-10-02T13:57:29" hostname="LAPTOP-LILIIA" time="5.081">
  <properties/>
  <testcase name="loginRegisteredUser" classname="com.bookshare.tests.UITests.LoginTests" time="1.915"/>
  <testcase name="loginRegisteredUser2" classname="com.bookshare.tests.UITests.LoginTests" time="0.943"/>
  <system-out><![CDATA[16:57:18.506 [Test worker] INFO  c.bookshare.tests.UITests.TestBase -- Start test loginRegisteredUser with data: []
16:57:31.495 [Test worker] INFO  c.bookshare.tests.UITests.TestBase -- PASSED: loginRegisteredUser
16:57:31.496 [Test worker] INFO  c.bookshare.tests.UITests.TestBase -- Stop test
16:57:31.496 [Test worker] INFO  c.bookshare.tests.UITests.TestBase -- ===============================
16:57:31.498 [Test worker] INFO  c.bookshare.tests.UITests.TestBase -- Start test loginRegisteredUser2 with data: []
16:57:34.661 [Test worker] INFO  c.bookshare.tests.UITests.TestBase -- PASSED: loginRegisteredUser2
16:57:34.662 [Test worker] INFO  c.bookshare.tests.UITests.TestBase -- Stop test
16:57:34.662 [Test worker] INFO  c.bookshare.tests.UITests.TestBase -- ===============================
]]></system-out>
  <system-err><![CDATA[]]></system-err>
</testsuite>
