<?xml version="1.0" encoding="UTF-8"?>
<testsuite name="com.bookshare.tests.UITests.GetBookTests" tests="3" skipped="0" failures="0" errors="0" timestamp="2023-10-02T14:45:29" hostname="LAPTOP-LILIIA" time="14.651">
  <properties/>
  <testcase name="alreadyHaveThisBookNegativeTest" classname="com.bookshare.tests.UITests.GetBookTests" time="6.053"/>
  <testcase name="getBookLoggedInUserPositiveTest" classname="com.bookshare.tests.UITests.GetBookTests" time="3.612"/>
  <testcase name="getBookNotLoggedInUserNegativeTest" classname="com.bookshare.tests.UITests.GetBookTests" time="0.609"/>
  <system-out><![CDATA[17:45:27.565 [Test worker] INFO  c.bookshare.tests.UITests.TestBase -- Start test alreadyHaveThisBookNegativeTest with data: []
17:45:35.844 [Test worker] INFO  c.bookshare.tests.UITests.TestBase -- PASSED: alreadyHaveThisBookNegativeTest
17:45:35.844 [Test worker] INFO  c.bookshare.tests.UITests.TestBase -- Stop test
17:45:35.845 [Test worker] INFO  c.bookshare.tests.UITests.TestBase -- ===============================
17:45:35.848 [Test worker] INFO  c.bookshare.tests.UITests.TestBase -- Start test getBookLoggedInUserPositiveTest with data: []
17:45:41.625 [Test worker] INFO  c.bookshare.tests.UITests.TestBase -- PASSED: getBookLoggedInUserPositiveTest
17:45:41.626 [Test worker] INFO  c.bookshare.tests.UITests.TestBase -- Stop test
17:45:41.626 [Test worker] INFO  c.bookshare.tests.UITests.TestBase -- ===============================
17:45:41.627 [Test worker] INFO  c.bookshare.tests.UITests.TestBase -- Start test getBookNotLoggedInUserNegativeTest with data: []
17:45:44.442 [Test worker] INFO  c.bookshare.tests.UITests.TestBase -- PASSED: getBookNotLoggedInUserNegativeTest
17:45:44.442 [Test worker] INFO  c.bookshare.tests.UITests.TestBase -- Stop test
17:45:44.443 [Test worker] INFO  c.bookshare.tests.UITests.TestBase -- ===============================
]]></system-out>
  <system-err><![CDATA[]]></system-err>
</testsuite>
