<?xml version="1.0" encoding="UTF-8"?>
<testsuite name="com.bookshare.tests.restAssuredTests.UpdateBookTests" tests="1" skipped="0" failures="0" errors="0" timestamp="2023-09-18T14:37:38" hostname="LAPTOP-LILIIA" time="0.304">
  <properties/>
  <testcase name="updateNotExistedBookNegativeTests" classname="com.bookshare.tests.restAssuredTests.UpdateBookTests" time="0.304"/>
  <system-out><![CDATA[17:37:36.982 [Test worker] INFO  c.b.t.restAssuredTests.TestBaseApi -- Start test updateNotExistedBookNegativeTests with parametrs: []
17:37:39.087 [Test worker] INFO  c.b.t.restAssuredTests.TestBaseApi -- Stop test
17:37:39.092 [Test worker] INFO  c.b.t.restAssuredTests.TestBaseApi -- ========================
]]></system-out>
  <system-err><![CDATA[]]></system-err>
</testsuite>
