<?xml version="1.0" encoding="UTF-8"?>
<testsuite name="com.bookshare.tests.restAssuredTests.GetListOfWaitingBooksTests" tests="1" skipped="0" failures="0" errors="0" timestamp="2023-09-23T18:39:00" hostname="LAPTOP-LILIIA" time="0.41">
  <properties/>
  <testcase name="getListOfWaitingBooksAnotherUserNegativeTest" classname="com.bookshare.tests.restAssuredTests.GetListOfWaitingBooksTests" time="0.41"/>
  <system-out><![CDATA[21:38:58.057 [Test worker] INFO  c.b.t.restAssuredTests.TestBaseApi -- Start test getListOfWaitingBooksAnotherUserNegativeTest with parametrs: []
21:39:00.608 [Test worker] INFO  c.b.t.restAssuredTests.TestBaseApi -- Stop test
21:39:00.609 [Test worker] INFO  c.b.t.restAssuredTests.TestBaseApi -- ========================
]]></system-out>
  <system-err><![CDATA[]]></system-err>
</testsuite>
