<?xml version="1.0" encoding="UTF-8"?>
<testsuite name="com.bookshare.tests.restAssuredTests.AddBookTests" tests="3" skipped="0" failures="0" errors="0" timestamp="2023-09-18T13:19:34" hostname="LAPTOP-LILIIA" time="2.223">
  <properties/>
  <testcase name="addBookForUserWithoutDataNegativeTests" classname="com.bookshare.tests.restAssuredTests.AddBookTests" time="0.204"/>
  <testcase name="addBookNotAuthorizedUserNegativeTests" classname="com.bookshare.tests.restAssuredTests.AddBookTests" time="0.786"/>
  <testcase name="addBookPositiveTests" classname="com.bookshare.tests.restAssuredTests.AddBookTests" time="0.191"/>
  <system-out><![CDATA[16:19:32.640 [Test worker] INFO  c.b.t.restAssuredTests.TestBaseApi -- Start test addBookForUserWithoutDataNegativeTests with parametrs: []
16:19:34.500 [Test worker] INFO  c.b.t.restAssuredTests.TestBaseApi -- Stop test
16:19:34.500 [Test worker] INFO  c.b.t.restAssuredTests.TestBaseApi -- ========================
16:19:34.504 [Test worker] INFO  c.b.t.restAssuredTests.TestBaseApi -- Start test addBookNotAuthorizedUserNegativeTests with parametrs: []
16:19:35.973 [Test worker] INFO  c.b.t.restAssuredTests.TestBaseApi -- Stop test
16:19:35.974 [Test worker] INFO  c.b.t.restAssuredTests.TestBaseApi -- ========================
16:19:35.976 [Test worker] INFO  c.b.t.restAssuredTests.TestBaseApi -- Start test addBookPositiveTests with parametrs: []
16:19:36.519 [Test worker] INFO  c.b.t.restAssuredTests.TestBaseApi -- Stop test
16:19:36.519 [Test worker] INFO  c.b.t.restAssuredTests.TestBaseApi -- ========================
]]></system-out>
  <system-err><![CDATA[]]></system-err>
</testsuite>
