<?xml version="1.0" encoding="UTF-8"?>
<testsuite name="com.bookshare.tests.UITests.AddBookTests" tests="2" skipped="0" failures="0" errors="0" timestamp="2023-10-02T14:44:57" hostname="LAPTOP-LILIIA" time="13.943">
  <properties/>
  <testcase name="addNewBookPositiveTest" classname="com.bookshare.tests.UITests.AddBookTests" time="3.645"/>
  <testcase name="cancelAddNewBookTest" classname="com.bookshare.tests.UITests.AddBookTests" time="0.25"/>
  <system-out><![CDATA[17:44:56.605 [Test worker] INFO  c.bookshare.tests.UITests.TestBase -- Start test addNewBookPositiveTest with data: []
17:45:00.915 [Test worker] INFO  c.bookshare.tests.UITests.TestBase -- PASSED: addNewBookPositiveTest
17:45:00.916 [Test worker] INFO  c.bookshare.tests.UITests.TestBase -- Stop test
17:45:00.916 [Test worker] INFO  c.bookshare.tests.UITests.TestBase -- ===============================
17:45:00.920 [Test worker] INFO  c.bookshare.tests.UITests.TestBase -- Start test cancelAddNewBookTest with data: []
17:45:11.209 [Test worker] INFO  c.bookshare.tests.UITests.TestBase -- PASSED: cancelAddNewBookTest
17:45:11.210 [Test worker] INFO  c.bookshare.tests.UITests.TestBase -- Stop test
17:45:11.210 [Test worker] INFO  c.bookshare.tests.UITests.TestBase -- ===============================
]]></system-out>
  <system-err><![CDATA[]]></system-err>
</testsuite>
