<?xml version="1.0" encoding="UTF-8"?>
<testsuite name="com.bookshare.tests.UITests.LoginTests" tests="5" skipped="0" failures="0" errors="0" timestamp="2023-10-02T10:56:58" hostname="LAPTOP-LILIIA" time="35.403">
  <properties/>
  <testcase name="loginNotRegisteredUserNegativeTest" classname="com.bookshare.tests.UITests.LoginTests" time="2.772"/>
  <testcase name="loginRegisteredUser" classname="com.bookshare.tests.UITests.LoginTests" time="0.94"/>
  <testcase name="loginRegisteredUser2" classname="com.bookshare.tests.UITests.LoginTests" time="0.673"/>
  <testcase name="loginWithEmptyEmailNegativeTest" classname="com.bookshare.tests.UITests.LoginTests" time="2.369"/>
  <testcase name="loginWithEmptyPasswordNegativeTest" classname="com.bookshare.tests.UITests.LoginTests" time="2.36"/>
  <system-out><![CDATA[13:56:47.759 [Test worker] INFO  c.bookshare.tests.UITests.TestBase -- Start test loginNotRegisteredUserNegativeTest with data: []
13:57:01.564 [Test worker] INFO  c.bookshare.tests.UITests.TestBase -- PASSED: loginNotRegisteredUserNegativeTest
13:57:01.565 [Test worker] INFO  c.bookshare.tests.UITests.TestBase -- Stop test
13:57:01.565 [Test worker] INFO  c.bookshare.tests.UITests.TestBase -- ===============================
13:57:01.570 [Test worker] INFO  c.bookshare.tests.UITests.TestBase -- Start test loginRegisteredUser with data: []
13:57:13.528 [Test worker] INFO  c.bookshare.tests.UITests.TestBase -- PASSED: loginRegisteredUser
13:57:13.528 [Test worker] INFO  c.bookshare.tests.UITests.TestBase -- Stop test
13:57:13.528 [Test worker] INFO  c.bookshare.tests.UITests.TestBase -- ===============================
13:57:13.532 [Test worker] INFO  c.bookshare.tests.UITests.TestBase -- Start test loginRegisteredUser2 with data: []
13:57:16.306 [Test worker] INFO  c.bookshare.tests.UITests.TestBase -- PASSED: loginRegisteredUser2
13:57:16.306 [Test worker] INFO  c.bookshare.tests.UITests.TestBase -- Stop test
13:57:16.307 [Test worker] INFO  c.bookshare.tests.UITests.TestBase -- ===============================
13:57:16.308 [Test worker] INFO  c.bookshare.tests.UITests.TestBase -- Start test loginWithEmptyEmailNegativeTest with data: []
13:57:20.771 [Test worker] INFO  c.bookshare.tests.UITests.TestBase -- PASSED: loginWithEmptyEmailNegativeTest
13:57:20.772 [Test worker] INFO  c.bookshare.tests.UITests.TestBase -- Stop test
13:57:20.772 [Test worker] INFO  c.bookshare.tests.UITests.TestBase -- ===============================
13:57:20.774 [Test worker] INFO  c.bookshare.tests.UITests.TestBase -- Start test loginWithEmptyPasswordNegativeTest with data: []
13:57:34.194 [Test worker] INFO  c.bookshare.tests.UITests.TestBase -- PASSED: loginWithEmptyPasswordNegativeTest
13:57:34.194 [Test worker] INFO  c.bookshare.tests.UITests.TestBase -- Stop test
13:57:34.194 [Test worker] INFO  c.bookshare.tests.UITests.TestBase -- ===============================
]]></system-out>
  <system-err><![CDATA[]]></system-err>
</testsuite>
