<?xml version="1.0" encoding="UTF-8"?>
<testsuite name="com.bookshare.tests.restAssuredTests.GetBookTests" tests="2" skipped="0" failures="0" errors="0" timestamp="2023-09-23T08:48:37" hostname="LAPTOP-LILIIA" time="2.439">
  <properties/>
  <testcase name="getBookPositiveTest" classname="com.bookshare.tests.restAssuredTests.GetBookTests" time="2.308"/>
  <testcase name="getNotExistBookNegativeTest" classname="com.bookshare.tests.restAssuredTests.GetBookTests" time="0.118"/>
  <system-out><![CDATA[11:48:37.767 [Test worker] INFO  c.b.t.restAssuredTests.TestBaseApi -- Start test getBookPositiveTest with parametrs: []
11:48:40.085 [Test worker] INFO  c.b.t.restAssuredTests.TestBaseApi -- Stop test
11:48:40.085 [Test worker] INFO  c.b.t.restAssuredTests.TestBaseApi -- ========================
11:48:40.093 [Test worker] INFO  c.b.t.restAssuredTests.TestBaseApi -- Start test getNotExistBookNegativeTest with parametrs: []
11:48:40.216 [Test worker] INFO  c.b.t.restAssuredTests.TestBaseApi -- Stop test
11:48:40.217 [Test worker] INFO  c.b.t.restAssuredTests.TestBaseApi -- ========================
]]></system-out>
  <system-err><![CDATA[]]></system-err>
</testsuite>
