<?xml version="1.0" encoding="UTF-8"?>
<testsuite name="com.bookshare.tests.UITests.DeleteBookFromWantToReadTests" tests="1" skipped="0" failures="0" errors="0" timestamp="2023-10-02T14:45:16" hostname="LAPTOP-LILIIA" time="11.0">
  <properties/>
  <testcase name="deleteBookFromWantToReadTest" classname="com.bookshare.tests.UITests.DeleteBookFromWantToReadTests" time="11.0"/>
  <system-out><![CDATA[17:45:11.215 [Test worker] INFO  c.bookshare.tests.UITests.TestBase -- Start test deleteBookFromWantToReadTest with data: []
17:45:27.363 [Test worker] INFO  c.bookshare.tests.UITests.TestBase -- PASSED: deleteBookFromWantToReadTest
17:45:27.364 [Test worker] INFO  c.bookshare.tests.UITests.TestBase -- Stop test
17:45:27.364 [Test worker] INFO  c.bookshare.tests.UITests.TestBase -- ===============================
]]></system-out>
  <system-err><![CDATA[]]></system-err>
</testsuite>
