<?xml version="1.0" encoding="UTF-8"?>
<testsuite name="com.bookshare.tests.UITests.GetBookTests" tests="1" skipped="0" failures="0" errors="0" timestamp="2023-10-01T15:39:29" hostname="LAPTOP-LILIIA" time="3.805">
  <properties/>
  <testcase name="getBookLoggedInUserPositiveTest" classname="com.bookshare.tests.UITests.GetBookTests" time="3.805"/>
  <system-out><![CDATA[18:39:19.228 [Test worker] INFO  c.bookshare.tests.UITests.TestBase -- Start test getBookLoggedInUserPositiveTest with data: []
18:39:33.112 [Test worker] INFO  c.bookshare.tests.UITests.TestBase -- PASSED: getBookLoggedInUserPositiveTest
18:39:33.113 [Test worker] INFO  c.bookshare.tests.UITests.TestBase -- Stop test
18:39:33.113 [Test worker] INFO  c.bookshare.tests.UITests.TestBase -- ===============================
]]></system-out>
  <system-err><![CDATA[]]></system-err>
</testsuite>
