<?xml version="1.0" encoding="UTF-8"?>
<testsuite name="com.bookshare.tests.UITests.LoginTests" tests="5" skipped="0" failures="0" errors="0" timestamp="2023-10-02T14:46:03" hostname="LAPTOP-LILIIA" time="37.475">
  <properties/>
  <testcase name="loginNotRegisteredUserNegativeTest" classname="com.bookshare.tests.UITests.LoginTests" time="2.847"/>
  <testcase name="loginRegisteredUser" classname="com.bookshare.tests.UITests.LoginTests" time="1.254"/>
  <testcase name="loginRegisteredUser2" classname="com.bookshare.tests.UITests.LoginTests" time="1.22"/>
  <testcase name="loginWithEmptyEmailNegativeTest" classname="com.bookshare.tests.UITests.LoginTests" time="2.763"/>
  <testcase name="loginWithEmptyPasswordNegativeTest" classname="com.bookshare.tests.UITests.LoginTests" time="2.838"/>
  <system-out><![CDATA[17:45:52.505 [Test worker] INFO  c.bookshare.tests.UITests.TestBase -- Start test loginNotRegisteredUserNegativeTest with data: []
17:46:06.402 [Test worker] INFO  c.bookshare.tests.UITests.TestBase -- PASSED: loginNotRegisteredUserNegativeTest
17:46:06.403 [Test worker] INFO  c.bookshare.tests.UITests.TestBase -- Stop test
17:46:06.403 [Test worker] INFO  c.bookshare.tests.UITests.TestBase -- ===============================
17:46:06.406 [Test worker] INFO  c.bookshare.tests.UITests.TestBase -- Start test loginRegisteredUser with data: []
17:46:18.711 [Test worker] INFO  c.bookshare.tests.UITests.TestBase -- PASSED: loginRegisteredUser
17:46:18.712 [Test worker] INFO  c.bookshare.tests.UITests.TestBase -- Stop test
17:46:18.712 [Test worker] INFO  c.bookshare.tests.UITests.TestBase -- ===============================
17:46:18.715 [Test worker] INFO  c.bookshare.tests.UITests.TestBase -- Start test loginRegisteredUser2 with data: []
17:46:22.152 [Test worker] INFO  c.bookshare.tests.UITests.TestBase -- PASSED: loginRegisteredUser2
17:46:22.153 [Test worker] INFO  c.bookshare.tests.UITests.TestBase -- Stop test
17:46:22.153 [Test worker] INFO  c.bookshare.tests.UITests.TestBase -- ===============================
17:46:22.155 [Test worker] INFO  c.bookshare.tests.UITests.TestBase -- Start test loginWithEmptyEmailNegativeTest with data: []
17:46:27.133 [Test worker] INFO  c.bookshare.tests.UITests.TestBase -- PASSED: loginWithEmptyEmailNegativeTest
17:46:27.134 [Test worker] INFO  c.bookshare.tests.UITests.TestBase -- Stop test
17:46:27.135 [Test worker] INFO  c.bookshare.tests.UITests.TestBase -- ===============================
17:46:27.139 [Test worker] INFO  c.bookshare.tests.UITests.TestBase -- Start test loginWithEmptyPasswordNegativeTest with data: []
17:46:41.025 [Test worker] INFO  c.bookshare.tests.UITests.TestBase -- PASSED: loginWithEmptyPasswordNegativeTest
17:46:41.025 [Test worker] INFO  c.bookshare.tests.UITests.TestBase -- Stop test
17:46:41.026 [Test worker] INFO  c.bookshare.tests.UITests.TestBase -- ===============================
]]></system-out>
  <system-err><![CDATA[]]></system-err>
</testsuite>
