<?xml version="1.0" encoding="UTF-8"?>
<testsuite name="com.bookshare.tests.restAssuredTests.GettingBookTests" tests="1" skipped="0" failures="0" errors="0" timestamp="2023-09-23T10:54:12" hostname="LAPTOP-LILIIA" time="0.139">
  <properties/>
  <testcase name="gettingBookUserAlreadyHaveNegativeTest" classname="com.bookshare.tests.restAssuredTests.GettingBookTests" time="0.139"/>
  <system-out><![CDATA[13:54:11.432 [Test worker] INFO  c.b.t.restAssuredTests.TestBaseApi -- Start test gettingBookUserAlreadyHaveNegativeTest with parametrs: []
13:54:12.685 [Test worker] INFO  c.b.t.restAssuredTests.TestBaseApi -- Stop test
13:54:12.686 [Test worker] INFO  c.b.t.restAssuredTests.TestBaseApi -- ========================
]]></system-out>
  <system-err><![CDATA[]]></system-err>
</testsuite>
