<?xml version="1.0" encoding="UTF-8"?>
<testsuite name="com.bookshare.tests.UITests.LeftSideMenuTests" tests="1" skipped="0" failures="0" errors="0" timestamp="2023-10-02T14:45:50" hostname="LAPTOP-LILIIA" time="0.094">
  <properties/>
  <testcase name="allButtonInLeftSideMenuIsPresent" classname="com.bookshare.tests.UITests.LeftSideMenuTests" time="0.094"/>
  <system-out><![CDATA[17:45:48.947 [Test worker] INFO  c.bookshare.tests.UITests.TestBase -- Start test allButtonInLeftSideMenuIsPresent with data: []
17:45:50.267 [Test worker] INFO  c.bookshare.tests.UITests.TestBase -- PASSED: allButtonInLeftSideMenuIsPresent
17:45:50.268 [Test worker] INFO  c.bookshare.tests.UITests.TestBase -- Stop test
17:45:50.268 [Test worker] INFO  c.bookshare.tests.UITests.TestBase -- ===============================
]]></system-out>
  <system-err><![CDATA[]]></system-err>
</testsuite>
